[21-Jun-2022 02:51:51 UTC] PHP Warning:  A non-numeric value encountered in C:\Users\Richard\Local Sites\dannys-yogurt\app\public\wp-content\themes\danny-yogurt-theme\index.php on line 7
[21-Jun-2022 02:51:51 UTC] PHP Stack trace:
[21-Jun-2022 02:51:51 UTC] PHP   1. {main}() C:\Users\Richard\Local Sites\dannys-yogurt\app\public\index.php:0
[21-Jun-2022 02:51:51 UTC] PHP   2. require() C:\Users\Richard\Local Sites\dannys-yogurt\app\public\index.php:17
[21-Jun-2022 02:51:51 UTC] PHP   3. require_once() C:\Users\Richard\Local Sites\dannys-yogurt\app\public\wp-blog-header.php:19
[21-Jun-2022 02:51:51 UTC] PHP   4. include() C:\Users\Richard\Local Sites\dannys-yogurt\app\public\wp-includes\template-loader.php:106
[21-Jun-2022 02:51:51 UTC] PHP Warning:  A non-numeric value encountered in C:\Users\Richard\Local Sites\dannys-yogurt\app\public\wp-content\themes\danny-yogurt-theme\index.php on line 7
[21-Jun-2022 02:51:51 UTC] PHP Stack trace:
[21-Jun-2022 02:51:51 UTC] PHP   1. {main}() C:\Users\Richard\Local Sites\dannys-yogurt\app\public\index.php:0
[21-Jun-2022 02:51:51 UTC] PHP   2. require() C:\Users\Richard\Local Sites\dannys-yogurt\app\public\index.php:17
[21-Jun-2022 02:51:51 UTC] PHP   3. require_once() C:\Users\Richard\Local Sites\dannys-yogurt\app\public\wp-blog-header.php:19
[21-Jun-2022 02:51:51 UTC] PHP   4. include() C:\Users\Richard\Local Sites\dannys-yogurt\app\public\wp-includes\template-loader.php:106
[21-Jun-2022 02:51:51 UTC] PHP Warning:  A non-numeric value encountered in C:\Users\Richard\Local Sites\dannys-yogurt\app\public\wp-content\themes\danny-yogurt-theme\index.php on line 7
[21-Jun-2022 02:51:51 UTC] PHP Stack trace:
[21-Jun-2022 02:51:51 UTC] PHP   1. {main}() C:\Users\Richard\Local Sites\dannys-yogurt\app\public\index.php:0
[21-Jun-2022 02:51:51 UTC] PHP   2. require() C:\Users\Richard\Local Sites\dannys-yogurt\app\public\index.php:17
[21-Jun-2022 02:51:51 UTC] PHP   3. require_once() C:\Users\Richard\Local Sites\dannys-yogurt\app\public\wp-blog-header.php:19
[21-Jun-2022 02:51:51 UTC] PHP   4. include() C:\Users\Richard\Local Sites\dannys-yogurt\app\public\wp-includes\template-loader.php:106
[21-Jun-2022 02:51:51 UTC] PHP Warning:  A non-numeric value encountered in C:\Users\Richard\Local Sites\dannys-yogurt\app\public\wp-content\themes\danny-yogurt-theme\index.php on line 7
[21-Jun-2022 02:51:51 UTC] PHP Stack trace:
[21-Jun-2022 02:51:51 UTC] PHP   1. {main}() C:\Users\Richard\Local Sites\dannys-yogurt\app\public\index.php:0
[21-Jun-2022 02:51:51 UTC] PHP   2. require() C:\Users\Richard\Local Sites\dannys-yogurt\app\public\index.php:17
[21-Jun-2022 02:51:51 UTC] PHP   3. require_once() C:\Users\Richard\Local Sites\dannys-yogurt\app\public\wp-blog-header.php:19
[21-Jun-2022 02:51:51 UTC] PHP   4. include() C:\Users\Richard\Local Sites\dannys-yogurt\app\public\wp-includes\template-loader.php:106
[21-Jun-2022 02:51:51 UTC] PHP Warning:  A non-numeric value encountered in C:\Users\Richard\Local Sites\dannys-yogurt\app\public\wp-content\themes\danny-yogurt-theme\index.php on line 7
[21-Jun-2022 02:51:51 UTC] PHP Stack trace:
[21-Jun-2022 02:51:51 UTC] PHP   1. {main}() C:\Users\Richard\Local Sites\dannys-yogurt\app\public\index.php:0
[21-Jun-2022 02:51:51 UTC] PHP   2. require() C:\Users\Richard\Local Sites\dannys-yogurt\app\public\index.php:17
[21-Jun-2022 02:51:51 UTC] PHP   3. require_once() C:\Users\Richard\Local Sites\dannys-yogurt\app\public\wp-blog-header.php:19
[21-Jun-2022 02:51:51 UTC] PHP   4. include() C:\Users\Richard\Local Sites\dannys-yogurt\app\public\wp-includes\template-loader.php:106
[21-Jun-2022 02:51:51 UTC] PHP Warning:  A non-numeric value encountered in C:\Users\Richard\Local Sites\dannys-yogurt\app\public\wp-content\themes\danny-yogurt-theme\index.php on line 7
[21-Jun-2022 02:51:51 UTC] PHP Stack trace:
[21-Jun-2022 02:51:51 UTC] PHP   1. {main}() C:\Users\Richard\Local Sites\dannys-yogurt\app\public\index.php:0
[21-Jun-2022 02:51:51 UTC] PHP   2. require() C:\Users\Richard\Local Sites\dannys-yogurt\app\public\index.php:17
[21-Jun-2022 02:51:51 UTC] PHP   3. require_once() C:\Users\Richard\Local Sites\dannys-yogurt\app\public\wp-blog-header.php:19
[21-Jun-2022 02:51:51 UTC] PHP   4. include() C:\Users\Richard\Local Sites\dannys-yogurt\app\public\wp-includes\template-loader.php:106
[21-Jun-2022 03:45:19 UTC] PHP Parse error:  syntax error, unexpected end of file, expecting variable (T_VARIABLE) or ${ (T_DOLLAR_OPEN_CURLY_BRACES) or {$ (T_CURLY_OPEN) in C:\Users\Richard\Local Sites\dannys-yogurt\app\public\wp-content\themes\danny-yogurt-theme\index.php on line 11
[21-Jun-2022 17:40:42 UTC] PHP Warning:  call_user_func_array() expects parameter 1 to be a valid callback, function 'features' not found or invalid function name in C:\Users\Richard\Local Sites\dannys-yogurt\app\public\wp-includes\class-wp-hook.php on line 307
[21-Jun-2022 17:40:42 UTC] PHP Stack trace:
[21-Jun-2022 17:40:42 UTC] PHP   1. {main}() C:\Users\Richard\Local Sites\dannys-yogurt\app\public\index.php:0
[21-Jun-2022 17:40:42 UTC] PHP   2. require() C:\Users\Richard\Local Sites\dannys-yogurt\app\public\index.php:17
[21-Jun-2022 17:40:42 UTC] PHP   3. require_once() C:\Users\Richard\Local Sites\dannys-yogurt\app\public\wp-blog-header.php:13
[21-Jun-2022 17:40:42 UTC] PHP   4. require_once() C:\Users\Richard\Local Sites\dannys-yogurt\app\public\wp-load.php:50
[21-Jun-2022 17:40:42 UTC] PHP   5. require_once() C:\Users\Richard\Local Sites\dannys-yogurt\app\public\wp-config.php:77
[21-Jun-2022 17:40:42 UTC] PHP   6. do_action() C:\Users\Richard\Local Sites\dannys-yogurt\app\public\wp-settings.php:576
[21-Jun-2022 17:40:42 UTC] PHP   7. WP_Hook->do_action() C:\Users\Richard\Local Sites\dannys-yogurt\app\public\wp-includes\plugin.php:476
[21-Jun-2022 17:40:42 UTC] PHP   8. WP_Hook->apply_filters() C:\Users\Richard\Local Sites\dannys-yogurt\app\public\wp-includes\class-wp-hook.php:331
[21-Jun-2022 17:40:43 UTC] PHP Warning:  call_user_func_array() expects parameter 1 to be a valid callback, function 'features' not found or invalid function name in C:\Users\Richard\Local Sites\dannys-yogurt\app\public\wp-includes\class-wp-hook.php on line 307
[21-Jun-2022 17:40:43 UTC] PHP Stack trace:
[21-Jun-2022 17:40:43 UTC] PHP   1. {main}() C:\Users\Richard\Local Sites\dannys-yogurt\app\public\index.php:0
[21-Jun-2022 17:40:43 UTC] PHP   2. require() C:\Users\Richard\Local Sites\dannys-yogurt\app\public\index.php:17
[21-Jun-2022 17:40:43 UTC] PHP   3. require_once() C:\Users\Richard\Local Sites\dannys-yogurt\app\public\wp-blog-header.php:13
[21-Jun-2022 17:40:43 UTC] PHP   4. require_once() C:\Users\Richard\Local Sites\dannys-yogurt\app\public\wp-load.php:50
[21-Jun-2022 17:40:43 UTC] PHP   5. require_once() C:\Users\Richard\Local Sites\dannys-yogurt\app\public\wp-config.php:77
[21-Jun-2022 17:40:43 UTC] PHP   6. do_action() C:\Users\Richard\Local Sites\dannys-yogurt\app\public\wp-settings.php:576
[21-Jun-2022 17:40:43 UTC] PHP   7. WP_Hook->do_action() C:\Users\Richard\Local Sites\dannys-yogurt\app\public\wp-includes\plugin.php:476
[21-Jun-2022 17:40:43 UTC] PHP   8. WP_Hook->apply_filters() C:\Users\Richard\Local Sites\dannys-yogurt\app\public\wp-includes\class-wp-hook.php:331
[21-Jun-2022 17:41:31 UTC] PHP Warning:  call_user_func_array() expects parameter 1 to be a valid callback, function 'features' not found or invalid function name in C:\Users\Richard\Local Sites\dannys-yogurt\app\public\wp-includes\class-wp-hook.php on line 307
[21-Jun-2022 17:41:31 UTC] PHP Stack trace:
[21-Jun-2022 17:41:31 UTC] PHP   1. {main}() C:\Users\Richard\Local Sites\dannys-yogurt\app\public\index.php:0
[21-Jun-2022 17:41:31 UTC] PHP   2. require() C:\Users\Richard\Local Sites\dannys-yogurt\app\public\index.php:17
[21-Jun-2022 17:41:31 UTC] PHP   3. require_once() C:\Users\Richard\Local Sites\dannys-yogurt\app\public\wp-blog-header.php:13
[21-Jun-2022 17:41:31 UTC] PHP   4. require_once() C:\Users\Richard\Local Sites\dannys-yogurt\app\public\wp-load.php:50
[21-Jun-2022 17:41:31 UTC] PHP   5. require_once() C:\Users\Richard\Local Sites\dannys-yogurt\app\public\wp-config.php:77
[21-Jun-2022 17:41:31 UTC] PHP   6. do_action() C:\Users\Richard\Local Sites\dannys-yogurt\app\public\wp-settings.php:576
[21-Jun-2022 17:41:31 UTC] PHP   7. WP_Hook->do_action() C:\Users\Richard\Local Sites\dannys-yogurt\app\public\wp-includes\plugin.php:476
[21-Jun-2022 17:41:31 UTC] PHP   8. WP_Hook->apply_filters() C:\Users\Richard\Local Sites\dannys-yogurt\app\public\wp-includes\class-wp-hook.php:331
[21-Jun-2022 17:41:31 UTC] PHP Warning:  call_user_func_array() expects parameter 1 to be a valid callback, function 'features' not found or invalid function name in C:\Users\Richard\Local Sites\dannys-yogurt\app\public\wp-includes\class-wp-hook.php on line 307
[21-Jun-2022 17:41:31 UTC] PHP Stack trace:
[21-Jun-2022 17:41:31 UTC] PHP   1. {main}() C:\Users\Richard\Local Sites\dannys-yogurt\app\public\wp-cron.php:0
[21-Jun-2022 17:41:31 UTC] PHP   2. require_once() C:\Users\Richard\Local Sites\dannys-yogurt\app\public\wp-cron.php:44
[21-Jun-2022 17:41:31 UTC] PHP   3. require_once() C:\Users\Richard\Local Sites\dannys-yogurt\app\public\wp-load.php:50
[21-Jun-2022 17:41:31 UTC] PHP   4. require_once() C:\Users\Richard\Local Sites\dannys-yogurt\app\public\wp-config.php:77
[21-Jun-2022 17:41:31 UTC] PHP   5. do_action() C:\Users\Richard\Local Sites\dannys-yogurt\app\public\wp-settings.php:576
[21-Jun-2022 17:41:31 UTC] PHP   6. WP_Hook->do_action() C:\Users\Richard\Local Sites\dannys-yogurt\app\public\wp-includes\plugin.php:476
[21-Jun-2022 17:41:31 UTC] PHP   7. WP_Hook->apply_filters() C:\Users\Richard\Local Sites\dannys-yogurt\app\public\wp-includes\class-wp-hook.php:331
[21-Jun-2022 17:41:32 UTC] PHP Warning:  call_user_func_array() expects parameter 1 to be a valid callback, function 'features' not found or invalid function name in C:\Users\Richard\Local Sites\dannys-yogurt\app\public\wp-includes\class-wp-hook.php on line 307
[21-Jun-2022 17:41:32 UTC] PHP Stack trace:
[21-Jun-2022 17:41:32 UTC] PHP   1. {main}() C:\Users\Richard\Local Sites\dannys-yogurt\app\public\index.php:0
[21-Jun-2022 17:41:32 UTC] PHP   2. require() C:\Users\Richard\Local Sites\dannys-yogurt\app\public\index.php:17
[21-Jun-2022 17:41:32 UTC] PHP   3. require_once() C:\Users\Richard\Local Sites\dannys-yogurt\app\public\wp-blog-header.php:13
[21-Jun-2022 17:41:32 UTC] PHP   4. require_once() C:\Users\Richard\Local Sites\dannys-yogurt\app\public\wp-load.php:50
[21-Jun-2022 17:41:32 UTC] PHP   5. require_once() C:\Users\Richard\Local Sites\dannys-yogurt\app\public\wp-config.php:77
[21-Jun-2022 17:41:32 UTC] PHP   6. do_action() C:\Users\Richard\Local Sites\dannys-yogurt\app\public\wp-settings.php:576
[21-Jun-2022 17:41:32 UTC] PHP   7. WP_Hook->do_action() C:\Users\Richard\Local Sites\dannys-yogurt\app\public\wp-includes\plugin.php:476
[21-Jun-2022 17:41:32 UTC] PHP   8. WP_Hook->apply_filters() C:\Users\Richard\Local Sites\dannys-yogurt\app\public\wp-includes\class-wp-hook.php:331
